src/agents/analysis/analysisAgent.ts(2,10): error TS1484: 'AIAgentConfig' is a type and must be imported using a type-only import when 'verbatimModuleSyntax' is enabled.
src/agents/analysis/analysisAgent.ts(4,10): error TS1484: 'ProcessedFile' is a type and must be imported using a type-only import when 'verbatimModuleSyntax' is enabled.
src/agents/analysis/analysisAgent.ts(11,16): error TS2416: Property 'execute' in type 'AnalysisAgent' is not assignable to the same property in base type 'IntegratedAgent'.
  Type '(files: ProcessedFile[], specialRequirements: string, additionalInfo: string) => Promise<any>' is not assignable to type '(prompt: string) => Promise<any>'.
    Target signature provides too few arguments. Expected 3 or more, but got 1.
src/agents/analysis/characterDeepAnalyzerAgent.ts(2,10): error TS1484: 'AIAgentConfig' is a type and must be imported using a type-only import when 'verbatimModuleSyntax' is enabled.
src/agents/analysis/characterDeepAnalyzerAgent.ts(4,10): error TS1484: 'ProcessedFile' is a type and must be imported using a type-only import when 'verbatimModuleSyntax' is enabled.
src/agents/analysis/characterDeepAnalyzerAgent.ts(11,16): error TS2416: Property 'execute' in type 'CharacterDeepAnalyzerAgent' is not assignable to the same property in base type 'IntegratedAgent'.
  Type '(files: ProcessedFile[], specialRequirements: string, additionalInfo: string) => Promise<any>' is not assignable to type '(prompt: string) => Promise<any>'.
    Target signature provides too few arguments. Expected 3 or more, but got 1.
src/agents/analysis/characterDeepAnalyzerConfig.ts(9,5): error TS2740: Type '{ multiModal: false; reasoningChains: true; toolUse: true; memorySystem: true; selfReflection: true; ragEnabled: true; vectorSearch: false; agentOrchestration: false; metacognitive: true; adaptiveLearning: true; ... 8 more ...; emotionalIntelligence: true; }' is missing the following properties from type '{ [key: string]: any; multiModal: boolean; reasoningChains: boolean; toolUse: boolean; memorySystem: boolean; selfReflection: boolean; ragEnabled: boolean; vectorSearch: boolean; agentOrchestration: boolean; ... 9 more ...; emotionalIntelligence: boolean; }': contextualMemory, crossModalReasoning, temporalReasoning, causalReasoning, and 2 more.
src/agents/analysis/characterNetworkAgent.ts(17,5): error TS2740: Type '{ multiModal: false; reasoningChains: true; toolUse: true; memorySystem: true; selfReflection: false; ragEnabled: false; vectorSearch: false; agentOrchestration: false; metacognitive: false; ... 9 more ...; emotionalIntelligence: true; }' is missing the following properties from type '{ [key: string]: any; multiModal: boolean; reasoningChains: boolean; toolUse: boolean; memorySystem: boolean; selfReflection: boolean; ragEnabled: boolean; vectorSearch: boolean; agentOrchestration: boolean; ... 9 more ...; emotionalIntelligence: boolean; }': contextualMemory, crossModalReasoning, temporalReasoning, causalReasoning, and 2 more.
src/agents/analysis/characterVoiceAgent.ts(17,5): error TS2740: Type '{ multiModal: false; reasoningChains: true; toolUse: true; memorySystem: true; selfReflection: true; ragEnabled: true; vectorSearch: true; agentOrchestration: false; metacognitive: false; adaptiveLearning: true; ... 8 more ...; emotionalIntelligence: true; }' is missing the following properties from type '{ [key: string]: any; multiModal: boolean; reasoningChains: boolean; toolUse: boolean; memorySystem: boolean; selfReflection: boolean; ragEnabled: boolean; vectorSearch: boolean; agentOrchestration: boolean; ... 9 more ...; emotionalIntelligence: boolean; }': contextualMemory, crossModalReasoning, temporalReasoning, causalReasoning, and 2 more.
src/agents/analysis/config.ts(9,5): error TS2740: Type '{ multiModal: true; reasoningChains: true; toolUse: true; memorySystem: true; selfReflection: true; ragEnabled: true; vectorSearch: true; agentOrchestration: true; metacognitive: true; adaptiveLearning: true; ... 8 more ...; emotionalIntelligence: true; }' is missing the following properties from type '{ [key: string]: any; multiModal: boolean; reasoningChains: boolean; toolUse: boolean; memorySystem: boolean; selfReflection: boolean; ragEnabled: boolean; vectorSearch: boolean; agentOrchestration: boolean; ... 9 more ...; emotionalIntelligence: boolean; }': contextualMemory, crossModalReasoning, temporalReasoning, causalReasoning, and 2 more.
src/agents/analysis/conflictDynamicsAgent.ts(17,5): error TS2740: Type '{ multiModal: false; reasoningChains: true; toolUse: true; memorySystem: true; selfReflection: false; ragEnabled: false; vectorSearch: false; agentOrchestration: false; metacognitive: false; ... 9 more ...; emotionalIntelligence: true; }' is missing the following properties from type '{ [key: string]: any; multiModal: boolean; reasoningChains: boolean; toolUse: boolean; memorySystem: boolean; selfReflection: boolean; ragEnabled: boolean; vectorSearch: boolean; agentOrchestration: boolean; ... 9 more ...; emotionalIntelligence: boolean; }': contextualMemory, crossModalReasoning, temporalReasoning, causalReasoning, and 2 more.
src/agents/analysis/culturalHistoricalAnalyzerAgent.ts(17,5): error TS2740: Type '{ multiModal: false; reasoningChains: true; toolUse: true; memorySystem: true; selfReflection: true; ragEnabled: true; vectorSearch: true; agentOrchestration: false; metacognitive: true; adaptiveLearning: true; ... 8 more ...; emotionalIntelligence: true; }' is missing the following properties from type '{ [key: string]: any; multiModal: boolean; reasoningChains: boolean; toolUse: boolean; memorySystem: boolean; selfReflection: boolean; ragEnabled: boolean; vectorSearch: boolean; agentOrchestration: boolean; ... 9 more ...; emotionalIntelligence: boolean; }': contextualMemory, crossModalReasoning, temporalReasoning, causalReasoning, and 2 more.
src/agents/analysis/dialogueAdvancedAnalyzerAgent.ts(17,5): error TS2740: Type '{ multiModal: false; reasoningChains: true; toolUse: true; memorySystem: true; selfReflection: true; ragEnabled: true; vectorSearch: true; agentOrchestration: false; metacognitive: false; adaptiveLearning: true; ... 8 more ...; emotionalIntelligence: true; }' is missing the following properties from type '{ [key: string]: any; multiModal: boolean; reasoningChains: boolean; toolUse: boolean; memorySystem: boolean; selfReflection: boolean; ragEnabled: boolean; vectorSearch: boolean; agentOrchestration: boolean; ... 9 more ...; emotionalIntelligence: boolean; }': contextualMemory, crossModalReasoning, temporalReasoning, causalReasoning, and 2 more.
src/agents/analysis/dialogueForensicsAgent.ts(17,5): error TS2740: Type '{ multiModal: false; reasoningChains: true; toolUse: true; memorySystem: true; selfReflection: true; ragEnabled: true; vectorSearch: true; agentOrchestration: false; metacognitive: false; adaptiveLearning: true; ... 8 more ...; emotionalIntelligence: true; }' is missing the following properties from type '{ [key: string]: any; multiModal: boolean; reasoningChains: boolean; toolUse: boolean; memorySystem: boolean; selfReflection: boolean; ragEnabled: boolean; vectorSearch: boolean; agentOrchestration: boolean; ... 9 more ...; emotionalIntelligence: boolean; }': contextualMemory, crossModalReasoning, temporalReasoning, causalReasoning, and 2 more.
src/agents/analysis/literaryQualityAnalyzerAgent.ts(18,5): error TS2740: Type '{ multiModal: false; reasoningChains: true; toolUse: true; memorySystem: true; selfReflection: true; ragEnabled: true; vectorSearch: true; agentOrchestration: false; metacognitive: true; adaptiveLearning: true; ... 8 more ...; emotionalIntelligence: true; }' is missing the following properties from type '{ [key: string]: any; multiModal: boolean; reasoningChains: boolean; toolUse: boolean; memorySystem: boolean; selfReflection: boolean; ragEnabled: boolean; vectorSearch: boolean; agentOrchestration: boolean; ... 9 more ...; emotionalIntelligence: boolean; }': contextualMemory, crossModalReasoning, temporalReasoning, causalReasoning, and 2 more.
src/agents/analysis/plotPredictorAgent.ts(17,5): error TS2740: Type '{ multiModal: false; reasoningChains: true; toolUse: true; memorySystem: true; selfReflection: true; ragEnabled: true; vectorSearch: true; agentOrchestration: false; metacognitive: true; adaptiveLearning: true; ... 8 more ...; emotionalIntelligence: false; }' is missing the following properties from type '{ [key: string]: any; multiModal: boolean; reasoningChains: boolean; toolUse: boolean; memorySystem: boolean; selfReflection: boolean; ragEnabled: boolean; vectorSearch: boolean; agentOrchestration: boolean; ... 9 more ...; emotionalIntelligence: boolean; }': contextualMemory, crossModalReasoning, temporalReasoning, causalReasoning, and 2 more.
src/agents/analysis/producibilityAnalyzerAgent.ts(17,5): error TS2740: Type '{ multiModal: true; reasoningChains: true; toolUse: true; memorySystem: true; selfReflection: false; ragEnabled: true; vectorSearch: false; agentOrchestration: false; metacognitive: false; adaptiveLearning: true; ... 8 more ...; emotionalIntelligence: false; }' is missing the following properties from type '{ [key: string]: any; multiModal: boolean; reasoningChains: boolean; toolUse: boolean; memorySystem: boolean; selfReflection: boolean; ragEnabled: boolean; vectorSearch: boolean; agentOrchestration: boolean; ... 9 more ...; emotionalIntelligence: boolean; }': contextualMemory, crossModalReasoning, temporalReasoning, causalReasoning, and 2 more.
src/agents/analysis/rhythmMappingAgent.ts(16,5): error TS2740: Type '{ multiModal: true; reasoningChains: true; toolUse: true; memorySystem: false; selfReflection: false; ragEnabled: false; vectorSearch: false; agentOrchestration: false; metacognitive: false; ... 9 more ...; emotionalIntelligence: false; }' is missing the following properties from type '{ [key: string]: any; multiModal: boolean; reasoningChains: boolean; toolUse: boolean; memorySystem: boolean; selfReflection: boolean; ragEnabled: boolean; vectorSearch: boolean; agentOrchestration: boolean; ... 9 more ...; emotionalIntelligence: boolean; }': contextualMemory, crossModalReasoning, temporalReasoning, causalReasoning, and 2 more.
src/agents/analysis/targetAudienceAnalyzerAgent.ts(18,5): error TS2740: Type '{ multiModal: false; reasoningChains: true; toolUse: true; memorySystem: true; selfReflection: false; ragEnabled: true; vectorSearch: false; agentOrchestration: false; metacognitive: false; ... 9 more ...; emotionalIntelligence: true; }' is missing the following properties from type '{ [key: string]: any; multiModal: boolean; reasoningChains: boolean; toolUse: boolean; memorySystem: boolean; selfReflection: boolean; ragEnabled: boolean; vectorSearch: boolean; agentOrchestration: boolean; ... 9 more ...; emotionalIntelligence: boolean; }': contextualMemory, crossModalReasoning, temporalReasoning, causalReasoning, and 2 more.
src/agents/analysis/thematicMiningAgent.ts(8,5): error TS2740: Type '{ multiModal: false; reasoningChains: true; toolUse: true; memorySystem: true; selfReflection: true; ragEnabled: true; vectorSearch: true; agentOrchestration: false; metacognitive: true; adaptiveLearning: true; ... 8 more ...; emotionalIntelligence: true; }' is missing the following properties from type '{ [key: string]: any; multiModal: boolean; reasoningChains: boolean; toolUse: boolean; memorySystem: boolean; selfReflection: boolean; ragEnabled: boolean; vectorSearch: boolean; agentOrchestration: boolean; ... 9 more ...; emotionalIntelligence: boolean; }': contextualMemory, crossModalReasoning, temporalReasoning, causalReasoning, and 2 more.
src/agents/analysis/themesMessagesAnalyzerAgent.ts(8,5): error TS2740: Type '{ multiModal: false; reasoningChains: true; toolUse: true; memorySystem: true; selfReflection: true; ragEnabled: true; vectorSearch: true; agentOrchestration: false; metacognitive: true; adaptiveLearning: true; ... 8 more ...; emotionalIntelligence: true; }' is missing the following properties from type '{ [key: string]: any; multiModal: boolean; reasoningChains: boolean; toolUse: boolean; memorySystem: boolean; selfReflection: boolean; ragEnabled: boolean; vectorSearch: boolean; agentOrchestration: boolean; ... 9 more ...; emotionalIntelligence: boolean; }': contextualMemory, crossModalReasoning, temporalReasoning, causalReasoning, and 2 more.
src/agents/analysis/visualCinematicAnalyzerAgent.ts(8,5): error TS2740: Type '{ multiModal: true; reasoningChains: true; toolUse: true; memorySystem: false; selfReflection: false; ragEnabled: true; vectorSearch: false; agentOrchestration: false; metacognitive: false; ... 9 more ...; emotionalIntelligence: false; }' is missing the following properties from type '{ [key: string]: any; multiModal: boolean; reasoningChains: boolean; toolUse: boolean; memorySystem: boolean; selfReflection: boolean; ragEnabled: boolean; vectorSearch: boolean; agentOrchestration: boolean; ... 9 more ...; emotionalIntelligence: boolean; }': contextualMemory, crossModalReasoning, temporalReasoning, causalReasoning, and 2 more.
src/agents/core/geminiService.ts(67,24): error TS2345: Argument of type 'RegExpMatchArray' is not assignable to parameter of type 'string'.
src/agents/core/geminiService.ts(68,13): error TS2322: Type 'RegExpMatchArray' is not assignable to type 'string'.
src/agents/core/geminiService.ts(76,24): error TS2345: Argument of type 'RegExpMatchArray' is not assignable to parameter of type 'string'.
src/agents/core/geminiService.ts(77,13): error TS2322: Type 'RegExpMatchArray' is not assignable to type 'string'.
src/agents/core/geminiService.ts(216,9): error TS2322: Type 'RegExpMatchArray' is not assignable to type 'string'.
src/agents/core/geminiService.ts(285,104): error TS2339: Property 'content' does not exist on type 'GenerateContentCandidate[]'.
src/agents/core/geminiService.ts(285,151): error TS2339: Property 'content' does not exist on type 'GenerateContentCandidate[]'.
src/agents/core/geminiService.ts(288,90): error TS2339: Property 'finishReason' does not exist on type 'GenerateContentCandidate[]'.
src/agents/core/integratedAgent.ts(29,5): error TS2740: Type '{ multiModal: true; reasoningChains: true; toolUse: true; memorySystem: true; selfReflection: true; ragEnabled: true; vectorSearch: true; agentOrchestration: true; metacognitive: true; adaptiveLearning: true; ... 8 more ...; emotionalIntelligence: true; }' is missing the following properties from type '{ [key: string]: any; multiModal: boolean; reasoningChains: boolean; toolUse: boolean; memorySystem: boolean; selfReflection: boolean; ragEnabled: boolean; vectorSearch: boolean; agentOrchestration: boolean; ... 9 more ...; emotionalIntelligence: boolean; }': contextualMemory, crossModalReasoning, temporalReasoning, causalReasoning, and 2 more.
src/agents/evaluation/audienceResonanceAgent.ts(17,5): error TS2740: Type '{ multiModal: false; reasoningChains: true; toolUse: true; memorySystem: true; selfReflection: false; ragEnabled: true; vectorSearch: false; agentOrstration: false; metacognitive: false; adaptiveLearning: true; ... 8 more ...; emotionalIntelligence: true; }' is missing the following properties from type '{ [key: string]: any; multiModal: boolean; reasoningChains: boolean; toolUse: boolean; memorySystem: boolean; selfReflection: boolean; ragEnabled: boolean; vectorSearch: boolean; agentOrchestration: boolean; ... 9 more ...; emotionalIntelligence: boolean; }': agentOrchestration, contextualMemory, crossModalReasoning, temporalReasoning, and 3 more.
src/agents/evaluation/tensionOptimizerAgent.ts(8,5): error TS2740: Type '{ multiModal: false; reasoningChains: true; toolUse: true; memorySystem: true; selfReflection: true; ragEnabled: false; vectorSearch: false; agentOrchestration: false; metacognitive: false; ... 9 more ...; emotionalIntelligence: true; }' is missing the following properties from type '{ [key: string]: any; multiModal: boolean; reasoningChains: boolean; toolUse: boolean; memorySystem: boolean; selfReflection: boolean; ragEnabled: boolean; vectorSearch: boolean; agentOrchestration: boolean; ... 9 more ...; emotionalIntelligence: boolean; }': contextualMemory, crossModalReasoning, temporalReasoning, causalReasoning, and 2 more.
src/agents/generation/completionAgent.ts(8,5): error TS2740: Type '{ multiModal: false; reasoningChains: true; toolUse: true; memorySystem: true; selfReflection: true; ragEnabled: true; vectorSearch: true; agentOrchestration: false; metacognitive: true; adaptiveLearning: true; ... 8 more ...; emotionalIntelligence: false; }' is missing the following properties from type '{ [key: string]: any; multiModal: boolean; reasoningChains: boolean; toolUse: boolean; memorySystem: boolean; selfReflection: boolean; ragEnabled: boolean; vectorSearch: boolean; agentOrchestration: boolean; ... 9 more ...; emotionalIntelligence: boolean; }': contextualMemory, crossModalReasoning, temporalReasoning, causalReasoning, and 2 more.
src/agents/generation/creativeAgent.ts(8,5): error TS2740: Type '{ multiModal: true; reasoningChains: true; toolUse: true; memorySystem: true; selfReflection: true; ragEnabled: true; vectorSearch: true; agentOrchestration: false; metacognitive: true; adaptiveLearning: true; ... 8 more ...; emotionalIntelligence: true; }' is missing the following properties from type '{ [key: string]: any; multiModal: boolean; reasoningChains: boolean; toolUse: boolean; memorySystem: boolean; selfReflection: boolean; ragEnabled: boolean; vectorSearch: boolean; agentOrchestration: boolean; ... 9 more ...; emotionalIntelligence: boolean; }': contextualMemory, crossModalReasoning, temporalReasoning, causalReasoning, and 2 more.
src/agents/generation/recommendationsGeneratorAgent.ts(8,5): error TS2740: Type '{ multiModal: false; reasoningChains: true; toolUse: true; memorySystem: true; selfReflection: true; ragEnabled: true; vectorSearch: false; agentOrchestration: true; metacognitive: true; adaptiveLearning: true; ... 8 more ...; emotionalIntelligence: true; }' is missing the following properties from type '{ [key: string]: any; multiModal: boolean; reasoningChains: boolean; toolUse: boolean; memorySystem: boolean; selfReflection: boolean; ragEnabled: boolean; vectorSearch: boolean; agentOrchestration: boolean; ... 9 more ...; emotionalIntelligence: boolean; }': contextualMemory, crossModalReasoning, temporalReasoning, causalReasoning, and 2 more.
src/agents/generation/sceneGeneratorAgent.ts(8,5): error TS2740: Type '{ multiModal: true; reasoningChains: true; toolUse: true; memorySystem: true; selfReflection: true; ragEnabled: true; vectorSearch: false; agentOrchestration: false; metacognitive: false; adaptiveLearning: true; ... 8 more ...; emotionalIntelligence: true; }' is missing the following properties from type '{ [key: string]: any; multiModal: boolean; reasoningChains: boolean; toolUse: boolean; memorySystem: boolean; selfReflection: boolean; ragEnabled: boolean; vectorSearch: boolean; agentOrchestration: boolean; ... 9 more ...; emotionalIntelligence: boolean; }': contextualMemory, crossModalReasoning, temporalReasoning, causalReasoning, and 2 more.
src/agents/generation/worldBuilderAgent.ts(8,5): error TS2740: Type '{ multiModal: true; reasoningChains: true; toolUse: true; memorySystem: true; selfReflection: true; ragEnabled: true; vectorSearch: false; agentOrchestration: false; metacognitive: true; adaptiveLearning: true; ... 8 more ...; emotionalIntelligence: false; }' is missing the following properties from type '{ [key: string]: any; multiModal: boolean; reasoningChains: boolean; toolUse: boolean; memorySystem: boolean; selfReflection: boolean; ragEnabled: boolean; vectorSearch: boolean; agentOrchestration: boolean; ... 9 more ...; emotionalIntelligence: boolean; }': contextualMemory, crossModalReasoning, temporalReasoning, causalReasoning, and 2 more.
src/agents/transformation/adaptiveRewritingAgent.ts(9,5): error TS2740: Type '{ multiModal: true; reasoningChains: true; toolUse: true; memorySystem: true; selfReflection: true; ragEnabled: true; vectorSearch: true; agentOrchestration: false; metacognitive: true; adaptiveLearning: true; ... 8 more ...; emotionalIntelligence: true; }' is missing the following properties from type '{ [key: string]: any; multiModal: boolean; reasoningChains: boolean; toolUse: boolean; memorySystem: boolean; selfReflection: boolean; ragEnabled: boolean; vectorSearch: boolean; agentOrchestration: boolean; ... 9 more ...; emotionalIntelligence: boolean; }': contextualMemory, crossModalReasoning, temporalReasoning, causalReasoning, and 2 more.
src/agents/transformation/platformAdapterAgent.ts(8,5): error TS2740: Type '{ multiModal: true; reasoningChains: true; toolUse: true; memorySystem: true; selfReflection: true; ragEnabled: true; vectorSearch: false; agentOrchestration: false; metacognitive: false; adaptiveLearning: true; ... 8 more ...; emotionalIntelligence: false; }' is missing the following properties from type '{ [key: string]: any; multiModal: boolean; reasoningChains: boolean; toolUse: boolean; memorySystem: boolean; selfReflection: boolean; ragEnabled: boolean; vectorSearch: boolean; agentOrchestration: boolean; ... 9 more ...; emotionalIntelligence: boolean; }': contextualMemory, crossModalReasoning, temporalReasoning, causalReasoning, and 2 more.
src/agents/transformation/styleFingerprintAgent.ts(8,5): error TS2740: Type '{ multiModal: false; reasoningChains: true; toolUse: true; memorySystem: true; selfReflection: true; ragEnabled: true; vectorSearch: true; agentOrchestration: false; metacognitive: true; adaptiveLearning: true; ... 8 more ...; emotionalIntelligence: false; }' is missing the following properties from type '{ [key: string]: any; multiModal: boolean; reasoningChains: boolean; toolUse: boolean; memorySystem: boolean; selfReflection: boolean; ragEnabled: boolean; vectorSearch: boolean; agentOrchestration: boolean; ... 9 more ...; emotionalIntelligence: boolean; }': contextualMemory, crossModalReasoning, temporalReasoning, causalReasoning, and 2 more.
src/components/editor/AdvancedAgentsPopup.tsx(82,27): error TS2304: Cannot find name 'AGENT_CONFIGS'.
src/components/editor/AdvancedAgentsPopup.tsx(82,45): error TS7006: Parameter 'config' implicitly has an 'any' type.
src/components/editor/AdvancedAgentsPopup.tsx(236,10): error TS2741: Property 'size' is missing in type '{ name: string; content: string; mimeType: string; isBase64: false; }' but required in type 'ProcessedFile'.
src/components/editor/CleanIntegratedScreenplayEditor.tsx(1089,39): error TS2339: Property 'endLineNumber' does not exist on type 'never'.
src/components/editor/CleanIntegratedScreenplayEditor.tsx(1090,20): error TS2339: Property 'endLineNumber' does not exist on type 'never'.
src/components/naqid/NaqidDashboard.tsx(16,61): error TS2345: Argument of type 'AIWritingAssistant' is not assignable to parameter of type 'AIWritingAssistantLike'.
  The types returned by 'generateText(...)' are incompatible between these types.
    Type 'Promise<unknown>' is not assignable to type 'Promise<{ text?: string | undefined; }>'.
      Type 'unknown' is not assignable to type '{ text?: string | undefined; }'.
src/config/prompts.ts(28,14): error TS2740: Type '{ summarize: string; "analyze-characters": string; completion: string; "creative-writing": string; "plot-prediction": string; "thematic-analysis": string; "style-analysis": string; "scene-generation": string; ... 5 more ...; recommendation: string; }' is missing the following properties from type '{ analysis: string; creative: string; integrated: string; completion: string; "rhythm-mapping": string; "character-network": string; "dialogue-forensics": string; "thematic-mining": string; "style-fingerprint": string; ... 30 more ...; recommendation: string; }': analysis, creative, integrated, "rhythm-mapping", and 22 more.
src/tests/setup.ts(5,38): error TS2307: Cannot find module 'vitest' or its corresponding type declarations.
src/tests/setup.ts(6,25): error TS2307: Cannot find module '@testing-library/react' or its corresponding type declarations.
src/tests/setup.ts(38,3): error TS2322: Type 'typeof IntersectionObserver' is not assignable to type '{ new (callback: IntersectionObserverCallback, options?: IntersectionObserverInit | undefined): IntersectionObserver; prototype: IntersectionObserver; }'.
  Types of property 'prototype' are incompatible.
    Type 'IntersectionObserver' is missing the following properties from type 'IntersectionObserver': root, rootMargin, thresholds, takeRecords
src/tests/unit/agents-facade.test.ts(5,38): error TS2307: Cannot find module 'vitest' or its corresponding type declarations.
src/tests/unit/screenplay-classifier.test.ts(5,38): error TS2307: Cannot find module 'vitest' or its corresponding type declarations.
src/utils/sanitizer.ts(5,23): error TS2307: Cannot find module 'dompurify' or its corresponding type declarations.
